0 info it worked if it ends with ok
1 verbose cli [ 'node', '/usr/local/bin/npm', 'publish' ]
2 info using npm@2.5.1
3 info using node@v1.2.0
4 verbose node symlink /usr/local/bin/node
5 verbose publish [ '.' ]
6 silly cache add args [ '.', null ]
7 verbose cache add spec .
8 silly cache add parsed spec { raw: '.',
8 silly cache add   scope: null,
8 silly cache add   name: null,
8 silly cache add   rawSpec: '.',
8 silly cache add   spec: '/Users/michaelmcmillan/Prosjekter/anders',
8 silly cache add   type: 'directory' }
9 verbose addLocalDirectory /Users/michaelmcmillan/.npm/anders/1.0.0/package.tgz not in flight; packing
10 verbose tar pack [ '/Users/michaelmcmillan/.npm/anders/1.0.0/package.tgz',
10 verbose tar pack   '/Users/michaelmcmillan/Prosjekter/anders' ]
11 verbose tarball /Users/michaelmcmillan/.npm/anders/1.0.0/package.tgz
12 verbose folder /Users/michaelmcmillan/Prosjekter/anders
13 info prepublish anders@1.0.0
14 verbose addLocalTarball adding from inside cache /Users/michaelmcmillan/.npm/anders/1.0.0/package.tgz
15 silly cache afterAdd anders@1.0.0
16 verbose afterAdd /Users/michaelmcmillan/.npm/anders/1.0.0/package/package.json not in flight; writing
17 verbose afterAdd /Users/michaelmcmillan/.npm/anders/1.0.0/package/package.json written
18 silly publish { name: 'anders',
18 silly publish   version: '1.0.0',
18 silly publish   description: 'Whateva',
18 silly publish   main: 'index.js',
18 silly publish   scripts: { test: './node_modules/mocha/bin/mocha test/*' },
18 silly publish   author:
18 silly publish    { name: 'Michael McMillan',
18 silly publish      email: 'email@michaelmcmillan.net',
18 silly publish      url: 'http://michaelmcmillan.net/' },
18 silly publish   license: 'MIT',
18 silly publish   devDependencies: { mocha: '^2.2.4' },
18 silly publish   dependencies: { cheerio: '^0.19.0', request: '^2.55.0' },
18 silly publish   readme: 'ERROR: No README data found!',
18 silly publish   _id: 'anders@1.0.0',
18 silly publish   _shasum: 'c995f47c04bd0c98fab9646ff0ec820e60d4a722',
18 silly publish   _from: '.' }
19 silly mapToRegistry name anders
20 silly mapToRegistry using default registry
21 silly mapToRegistry registry https://registry.npmjs.org/
22 silly mapToRegistry uri https://registry.npmjs.org/anders
23 verbose publish registryBase https://registry.npmjs.org/
24 silly publish uploading /Users/michaelmcmillan/.npm/anders/1.0.0/package.tgz
25 verbose request uri https://registry.npmjs.org/anders
26 verbose request sending authorization for write operation
27 info attempt registry request try #1 at 23:51:03
28 verbose request id d58f8ceb4209ce2d
29 http request PUT https://registry.npmjs.org/anders
30 http 404 https://registry.npmjs.org/anders
31 verbose headers { date: 'Sat, 11 Apr 2015 21:51:04 GMT',
31 verbose headers   server: 'Apache',
31 verbose headers   'content-type': 'application/json',
31 verbose headers   'cache-control': 'max-age=0',
31 verbose headers   'content-length': '21',
31 verbose headers   'accept-ranges': 'bytes',
31 verbose headers   via: '1.1 varnish',
31 verbose headers   'x-served-by': 'cache-fra1236-FRA',
31 verbose headers   'x-cache': 'MISS',
31 verbose headers   'x-cache-hits': '0',
31 verbose headers   'x-timer': 'S1428789063.454483,VS0,VE750',
31 verbose headers   'keep-alive': 'timeout=10, max=50',
31 verbose headers   connection: 'Keep-Alive' }
32 verbose request invalidating /Users/michaelmcmillan/.npm/registry.npmjs.org/anders on PUT
33 error publish Failed PUT 404
34 verbose stack Error: Not found : anders
34 verbose stack     at CachingRegistryClient.<anonymous> (/usr/local/lib/node_modules/npm/node_modules/npm-registry-client/lib/request.js:254:14)
34 verbose stack     at Request._callback (/usr/local/lib/node_modules/npm/node_modules/npm-registry-client/lib/request.js:178:14)
34 verbose stack     at Request.self.callback (/usr/local/lib/node_modules/npm/node_modules/request/request.js:344:22)
34 verbose stack     at emitTwo (events.js:85:13)
34 verbose stack     at Request.emit (events.js:153:7)
34 verbose stack     at Request.<anonymous> (/usr/local/lib/node_modules/npm/node_modules/request/request.js:1239:14)
34 verbose stack     at emitOne (events.js:80:20)
34 verbose stack     at Request.emit (events.js:150:7)
34 verbose stack     at IncomingMessage.<anonymous> (/usr/local/lib/node_modules/npm/node_modules/request/request.js:1187:12)
34 verbose stack     at emitNone (events.js:70:20)
35 verbose statusCode 404
36 verbose pkgid anders
37 verbose cwd /Users/michaelmcmillan/Prosjekter/anders
38 error Darwin 14.0.0
39 error argv "node" "/usr/local/bin/npm" "publish"
40 error node v1.2.0
41 error npm  v2.5.1
42 error code E404
43 error 404 Not found : anders
43 error 404
43 error 404 'anders' is not in the npm registry.
43 error 404 You should bug the author to publish it (or use the name yourself!)
43 error 404
43 error 404 Note that you can also install from a
43 error 404 tarball, folder, http url, or git url.
44 verbose exit [ 1, true ]
